<?xml version="1.0" encoding="UTF-8"?>
<testsuite xmlns:xsi="http://www.w3.org/2001/XMLSchema-instance" xsi:schemaLocation="https://maven.apache.org/surefire/maven-surefire-plugin/xsd/surefire-test-report.xsd" name="selenium.AppTest" time="21.846" tests="2" errors="0" skipped="0" failures="0">
  <properties>
[...]
</properties>
  <testcase name="test_selenium_paga_impuesto" classname="selenium.AppTest" time="10.786"/>
  <testcase name="test_selenium_sin_impuesto" classname="selenium.AppTest" time="11.019"/>
</testsuite>